0 silly argv {
0 silly argv   _: [ 'publish' ],
0 silly argv   'dist-tag': 'next',
0 silly argv   distTag: 'next',
0 silly argv   contents: 'build',
0 silly argv   composed: 'publish',
0 silly argv   lernaVersion: '3.22.1',
0 silly argv   '$0': '/Users/u16837531/Documents/biscuit-store/node_modules/.bin/lerna',
0 silly argv   bump: 'from-package'
0 silly argv }
1 notice cli v3.22.1
2 verbose rootPath /Users/u16837531/Documents/biscuit-store
3 verbose session d264efa3382461fb
4 verbose user-agent lerna/3.22.1/node@v14.1.0+x64 (darwin)
5 verbose git-describe undefined => "21d403c"
6 silly git-describe parsed => {"refCount":"21","sha":"21d403c","isDirty":false}
7 silly getUnpublishedPackages
8 warn Unable to determine published version, assuming "@biscuit-store/core" unpublished.
9 info publish Publishing packages to npm...
10 info Verifying npm credentials
11 verbose Retrieving npm user profile
12 http fetch GET 200 https://registry.npmjs.org/-/npm/v1/user 954ms
13 silly npm profile get received {"tfa":false,"name":"biscuit-dev","email":"biscuitstorejs@gmail.com","email_verified":true,"created":"2021-01-28T19:31:40.823Z","updated":"2021-01-28T19:31:40.825Z","cidr_whitelist":null}
14 silly get npm username received {"username":"biscuit-dev","tfa":false,"name":"biscuit-dev","email":"biscuitstorejs@gmail.com","email_verified":true,"created":"2021-01-28T19:31:40.823Z","updated":"2021-01-28T19:31:40.825Z","cidr_whitelist":null}
15 silly verifyNpmPackageAccess
16 http fetch GET 200 https://registry.npmjs.org/-/org/biscuit-dev/package?format=cli 392ms
17 warn The logged-in user does not have any previously-published packages, skipping permission checks...
18 info Checking two-factor auth mode
19 verbose Retrieving npm user profile
20 http fetch GET 200 https://registry.npmjs.org/-/npm/v1/user 406ms
21 silly npm profile get received {"tfa":false,"name":"biscuit-dev","email":"biscuitstorejs@gmail.com","email_verified":true,"created":"2021-01-28T19:31:40.823Z","updated":"2021-01-28T19:31:40.825Z","cidr_whitelist":null}
22 silly 2FA false
23 silly getCurrentSHA
24 verbose getCurrentSHA 21d403cad2c0d060fbc4c87a6a347dae126c6138
25 silly lifecycle No script for "prepublish" in "biscuit-store", continuing
26 silly lifecycle No script for "prepare" in "biscuit-store", continuing
27 silly lifecycle No script for "prepublishOnly" in "biscuit-store", continuing
28 silly lifecycle No script for "prepack" in "biscuit-store", continuing
29 verbose pack-directory packages/biscuit-store/build
30 silly lifecycle No script for "prepublish" in "@biscuit-store/core", continuing
31 silly lifecycle No script for "prepare" in "@biscuit-store/core", continuing
32 silly lifecycle No script for "prepublishOnly" in "@biscuit-store/core", continuing
33 silly lifecycle No script for "prepack" in "@biscuit-store/core", continuing
34 silly lifecycle No script for "postpack" in "@biscuit-store/core", continuing
35 verbose packed packages/biscuit-store/build
36 silly lifecycle No script for "postpack" in "biscuit-store", continuing
37 verbose publish @biscuit-store/core
38 error
